<?xml version="1.0" encoding="UTF-8"?>
<!-- Generated by org.testng.reporters.JUnitReportReporter -->
<testsuite hostname="MSI" failures="0" tests="4" name="com.test.DemoTest1" time="0.010" errors="0" timestamp="2021-09-08T14:41:03 IST" skipped="0">
  <testcase classname="com.test.DemoTest1" name="sum" time="0.000"/>
  <system-out/>
  <testcase classname="com.test.DemoTest1" name="sub" time="0.001"/>
  <system-out/>
  <testcase classname="com.test.DemoTest1" name="div" time="0.009"/>
  <system-out/>
  <testcase classname="com.test.DemoTest1" name="mult" time="0.000"/>
  <system-out/>
</testsuite> <!-- com.test.DemoTest1 -->
