<?xml version="1.0" encoding="UTF-8"?>
<!-- Generated by org.testng.reporters.JUnitReportReporter -->
<testsuite hostname="MSI" failures="0" tests="4" name="com.qa.test.DemoTest1" time="0.028" errors="0" timestamp="2021-09-08T14:30:52 IST" skipped="0">
  <testcase classname="com.qa.test.DemoTest1" name="sum" time="0.003"/>
  <system-out/>
  <testcase classname="com.qa.test.DemoTest1" name="sub" time="0.003"/>
  <system-out/>
  <testcase classname="com.qa.test.DemoTest1" name="div" time="0.017"/>
  <system-out/>
  <testcase classname="com.qa.test.DemoTest1" name="mult" time="0.005"/>
  <system-out/>
</testsuite> <!-- com.qa.test.DemoTest1 -->
