<?xml version="1.0" encoding="UTF-8"?>
<!-- Generated by org.testng.reporters.JUnitReportReporter -->
<testsuite hostname="MSI" failures="0" tests="4" name="com.test.DemoTest1" time="0.001" errors="0" timestamp="8 Sep 2021 09:18:09 GMT">
  <testcase classname="com.test.DemoTest1" name="div" time="0.000"/>
  <testcase classname="com.test.DemoTest1" name="sum" time="0.000"/>
  <testcase classname="com.test.DemoTest1" name="mult" time="0.001"/>
  <testcase classname="com.test.DemoTest1" name="sub" time="0.000"/>
</testsuite> <!-- com.test.DemoTest1 -->
